TN:
SF:src/types.ts
FNF:0
FNH:0
DA:108,2
LF:1
LH:1
BRF:0
BRH:0
end_of_record
TN:
SF:src/utils.ts
FN:6,initializeFarm
FN:27,screenToTile
FN:52,tileToScreen
FN:69,getEnergyCost
FN:76,calculateHarvestValue
FN:83,canUseTool
FN:101,generateId
FN:108,validatePlayerData
FNF:8
FNH:8
FNDA:2,initializeFarm
FNDA:2,screenToTile
FNDA:1,tileToScreen
FNDA:4,getEnergyCost
FNDA:3,calculateHarvestValue
FNDA:17,canUseTool
FNDA:2,generateId
FNDA:7,validatePlayerData
DA:1,1
DA:6,1
DA:7,2
DA:8,2
DA:9,11
DA:10,11
DA:11,89
DA:21,2
DA:27,1
DA:37,2
DA:38,2
DA:40,2
DA:41,2
DA:43,2
DA:44,1
DA:46,1
DA:52,1
DA:60,1
DA:61,1
DA:63,1
DA:69,1
DA:70,4
DA:76,1
DA:77,3
DA:83,1
DA:84,17
DA:86,4
DA:88,4
DA:90,4
DA:92,5
DA:94,0
DA:101,1
DA:102,2
DA:108,1
DA:109,7
DA:111,7
DA:112,2
DA:115,7
DA:116,2
DA:119,7
DA:120,2
DA:123,7
DA:124,2
DA:127,7
DA:128,2
DA:131,7
LF:46
LH:45
BRDA:43,0,0,1
BRDA:43,1,0,2
BRDA:43,1,1,2
BRDA:43,1,2,1
BRDA:43,1,3,1
BRDA:84,2,0,4
BRDA:84,2,1,4
BRDA:84,2,2,4
BRDA:84,2,3,5
BRDA:84,2,4,0
BRDA:88,3,0,4
BRDA:88,3,1,2
BRDA:90,4,0,4
BRDA:90,4,1,2
BRDA:90,4,2,1
BRDA:92,5,0,5
BRDA:92,5,1,2
BRDA:111,6,0,2
BRDA:111,7,0,7
BRDA:111,7,1,5
BRDA:111,7,2,5
BRDA:115,8,0,2
BRDA:115,9,0,7
BRDA:115,9,1,7
BRDA:119,10,0,2
BRDA:119,11,0,7
BRDA:119,11,1,7
BRDA:123,12,0,2
BRDA:123,13,0,7
BRDA:123,13,1,5
BRDA:127,14,0,2
BRDA:127,15,0,7
BRDA:127,15,1,5
BRF:33
BRH:32
end_of_record
